<?xml version="1.0" encoding="UTF-8"?>
<!-- Generated by org.testng.reporters.JUnitReportReporter -->
<testsuite hostname="DESKTOP-B88690I" failures="0" tests="5" name="TestClasses.Test1" time="0.035" errors="0" timestamp="2022-03-29T11:35:21 PDT" skipped="0">
  <testcase classname="TestClasses.Test1" name="test3" time="0.012"/>
  <system-out/>
  <testcase classname="TestClasses.Test1" name="test2" time="0.003"/>
  <system-out/>
  <testcase classname="TestClasses.Test1" name="test1" time="0.005"/>
  <system-out/>
  <testcase classname="TestClasses.Test1" name="test4" time="0.006"/>
  <system-out/>
  <testcase classname="TestClasses.Test1" name="test5" time="0.009"/>
  <system-out/>
</testsuite> <!-- TestClasses.Test1 -->
